<?xml version="1.0" encoding="UTF-8"?>
<testsuite xmlns:xsi="http://www.w3.org/2001/XMLSchema-instance" xsi:noNamespaceSchemaLocation="https://maven.apache.org/surefire/maven-surefire-plugin/xsd/surefire-test-report-3.0.xsd" version="3.0" name="com.fulfilment.application.monolith.fulfilments.FulfilmentEndpointTest" time="32.884" tests="1" errors="0" skipped="0" failures="0">
  <properties>
[...]
</properties>
  <testcase name="assignTwoWarehousesThenRejectAThirdForTheSameProductAndStore" classname="com.fulfilment.application.monolith.fulfilments.FulfilmentEndpointTest" time="4.564">
    <system-out><![CDATA[2026-09-06 19:37:20,110 INFO  [org.tes.doc.DockerClientProviderStrategy] (build-61) Loaded org.testcontainers.dockerclient.NpipeSocketClientProviderStrategy from ~/.testcontainers.properties, will try it first
2026-09-06 19:37:21,863 INFO  [org.tes.doc.DockerClientProviderStrategy] (build-61) Found Docker environment with local Npipe socket (npipe:////./pipe/docker_engine)
2026-09-06 19:37:21,871 INFO  [org.tes.DockerClientFactory] (build-61) Docker host IP address is localhost
2026-09-06 19:37:21,919 INFO  [org.tes.DockerClientFactory] (build-61) Connected to docker: 
  Server Version: 29.1.3
  API Version: 1.52
  Operating System: Docker Desktop
  Total Memory: 7859 MB
2026-09-06 19:37:21,954 INFO  [org.tes.ima.PullPolicy] (build-61) Image pull policy will be performed by: DefaultPullPolicy()
2026-09-06 19:37:21,958 INFO  [org.tes.uti.ImageNameSubstitutor] (build-61) Image name substitution will be performed by: DefaultImageNameSubstitutor (composite of 'ConfigurationFileImageNameSubstitutor' and 'PrefixingImageNameSubstitutor')
2026-09-06 19:37:21,992 INFO  [org.tes.DockerClientFactory] (build-61) Checking the system...
2026-09-06 19:37:21,995 INFO  [org.tes.DockerClientFactory] (build-61) ?? Docker server version should be at least 1.6.0
2026-09-06 19:37:22,449 INFO  [tc.doc.io/postgres:14] (build-61) Creating container for image: docker.io/postgres:14
2026-09-06 19:37:22,778 INFO  [org.tes.uti.RegistryAuthLocator] (build-61) Credential helper/store (docker-credential-desktop) does not have credentials for docker.io
2026-09-06 19:37:22,800 WARN  [tc.doc.io/postgres:14] (build-61) Reuse was requested but the environment does not support the reuse of containers
To enable reuse of containers, you must set 'testcontainers.reuse.enable=true' in a file located at C:\Users\snave\.testcontainers.properties
2026-09-06 19:37:22,803 INFO  [tc.tes.7.0] (build-61) Creating container for image: testcontainers/ryuk:0.7.0
2026-09-06 19:37:22,933 INFO  [org.tes.uti.RegistryAuthLocator] (build-61) Credential helper/store (docker-credential-desktop) does not have credentials for https://index.docker.io/v1/
2026-09-06 19:37:23,220 INFO  [tc.tes.7.0] (build-61) Container testcontainers/ryuk:0.7.0 is starting: 7802fa3a4dd6219336f17e4c8f186ff674017d8ed806df3e01119aabe7034b3b
2026-09-06 19:37:24,281 INFO  [tc.tes.7.0] (build-61) Container testcontainers/ryuk:0.7.0 started in PT1.4780865S
2026-09-06 19:37:24,504 INFO  [tc.doc.io/postgres:14] (build-61) Container docker.io/postgres:14 is starting: 7717b7d4996b26cf16dda2783fa58b8ff29ba6acc3f542b64d7ff01493ab9e37
2026-09-06 19:37:27,680 INFO  [tc.doc.io/postgres:14] (build-61) Container docker.io/postgres:14 started in PT5.2308242S
2026-09-06 19:37:27,681 INFO  [tc.doc.io/postgres:14] (build-61) Container is started (JDBC URL: jdbc:postgresql://localhost:64283/quarkus?loggerLevel=OFF)
2026-09-06 19:37:27,682 INFO  [io.qua.dev.pos.dep.PostgresqlDevServicesProcessor] (build-61) Dev Services for PostgreSQL started.
2026-09-06 19:37:27,683 INFO  [io.qua.dat.dep.dev.DevServicesDatasourceProcessor] (build-61) Dev Services for default datasource (postgresql) started - container ID is 7717b7d4996b
2026-09-06 19:37:28,936 WARN  [io.qua.config] (main) Unrecognized configuration key "quarkus.openapi.generator.spec" was provided; it will be ignored; verify that the dependency extension for this configuration is set or that you did not make a typo
2026-09-06 19:37:28,941 WARN  [io.qua.config] (main) Unrecognized configuration key "quarkus.openapi.generator.base-package" was provided; it will be ignored; verify that the dependency extension for this configuration is set or that you did not make a typo
&amp#27;[35m[Hibernate]&amp#27;[0m 
    &amp#27;[34mdrop&amp#27;[0m &amp#27;[34mtable&amp#27;[0m &amp#27;[34mif&amp#27;[0m &amp#27;[34mexists&amp#27;[0m fulfilment &amp#27;[34mcascade&amp#27;[0m
2026-09-06 19:37:32,204 WARN  [org.hib.eng.jdb.spi.SqlExceptionHelper] (JPA Startup Thread) SQL Warning Code: 0, SQLState: 00000
2026-09-06 19:37:32,205 WARN  [org.hib.eng.jdb.spi.SqlExceptionHelper] (JPA Startup Thread) table "fulfilment" does not exist, skipping
&amp#27;[35m[Hibernate]&amp#27;[0m 
    &amp#27;[34mdrop&amp#27;[0m &amp#27;[34mtable&amp#27;[0m &amp#27;[34mif&amp#27;[0m &amp#27;[34mexists&amp#27;[0m Product &amp#27;[34mcascade&amp#27;[0m
2026-09-06 19:37:32,210 WARN  [org.hib.eng.jdb.spi.SqlExceptionHelper] (JPA Startup Thread) SQL Warning Code: 0, SQLState: 00000
2026-09-06 19:37:32,210 WARN  [org.hib.eng.jdb.spi.SqlExceptionHelper] (JPA Startup Thread) table "product" does not exist, skipping
&amp#27;[35m[Hibernate]&amp#27;[0m 
    &amp#27;[34mdrop&amp#27;[0m &amp#27;[34mtable&amp#27;[0m &amp#27;[34mif&amp#27;[0m &amp#27;[34mexists&amp#27;[0m Store &amp#27;[34mcascade&amp#27;[0m
2026-09-06 19:37:32,212 WARN  [org.hib.eng.jdb.spi.SqlExceptionHelper] (JPA Startup Thread) SQL Warning Code: 0, SQLState: 00000
2026-09-06 19:37:32,212 WARN  [org.hib.eng.jdb.spi.SqlExceptionHelper] (JPA Startup Thread) table "store" does not exist, skipping
&amp#27;[35m[Hibernate]&amp#27;[0m 
    &amp#27;[34mdrop&amp#27;[0m &amp#27;[34mtable&amp#27;[0m &amp#27;[34mif&amp#27;[0m &amp#27;[34mexists&amp#27;[0m warehouse &amp#27;[34mcascade&amp#27;[0m
2026-09-06 19:37:32,214 WARN  [org.hib.eng.jdb.spi.SqlExceptionHelper] (JPA Startup Thread) SQL Warning Code: 0, SQLState: 00000
2026-09-06 19:37:32,214 WARN  [org.hib.eng.jdb.spi.SqlExceptionHelper] (JPA Startup Thread) table "warehouse" does not exist, skipping
&amp#27;[35m[Hibernate]&amp#27;[0m 
    &amp#27;[34mdrop&amp#27;[0m &amp#27;[34msequence&amp#27;[0m &amp#27;[34mif&amp#27;[0m &amp#27;[34mexists&amp#27;[0m fulfilment_SEQ
2026-09-06 19:37:32,216 WARN  [org.hib.eng.jdb.spi.SqlExceptionHelper] (JPA Startup Thread) SQL Warning Code: 0, SQLState: 00000
2026-09-06 19:37:32,217 WARN  [org.hib.eng.jdb.spi.SqlExceptionHelper] (JPA Startup Thread) sequence "fulfilment_seq" does not exist, skipping
&amp#27;[35m[Hibernate]&amp#27;[0m 
    &amp#27;[34mdrop&amp#27;[0m &amp#27;[34msequence&amp#27;[0m &amp#27;[34mif&amp#27;[0m &amp#27;[34mexists&amp#27;[0m Product_SEQ
2026-09-06 19:37:32,219 WARN  [org.hib.eng.jdb.spi.SqlExceptionHelper] (JPA Startup Thread) SQL Warning Code: 0, SQLState: 00000
2026-09-06 19:37:32,220 WARN  [org.hib.eng.jdb.spi.SqlExceptionHelper] (JPA Startup Thread) sequence "product_seq" does not exist, skipping
&amp#27;[35m[Hibernate]&amp#27;[0m 
    &amp#27;[34mdrop&amp#27;[0m &amp#27;[34msequence&amp#27;[0m &amp#27;[34mif&amp#27;[0m &amp#27;[34mexists&amp#27;[0m Store_SEQ
2026-09-06 19:37:32,221 WARN  [org.hib.eng.jdb.spi.SqlExceptionHelper] (JPA Startup Thread) SQL Warning Code: 0, SQLState: 00000
2026-09-06 19:37:32,222 WARN  [org.hib.eng.jdb.spi.SqlExceptionHelper] (JPA Startup Thread) sequence "store_seq" does not exist, skipping
&amp#27;[35m[Hibernate]&amp#27;[0m 
    &amp#27;[34mdrop&amp#27;[0m &amp#27;[34msequence&amp#27;[0m &amp#27;[34mif&amp#27;[0m &amp#27;[34mexists&amp#27;[0m warehouse_SEQ
2026-09-06 19:37:32,224 WARN  [org.hib.eng.jdb.spi.SqlExceptionHelper] (JPA Startup Thread) SQL Warning Code: 0, SQLState: 00000
2026-09-06 19:37:32,225 WARN  [org.hib.eng.jdb.spi.SqlExceptionHelper] (JPA Startup Thread) sequence "warehouse_seq" does not exist, skipping
&amp#27;[35m[Hibernate]&amp#27;[0m 
    &amp#27;[34mcreate&amp#27;[0m &amp#27;[34msequence&amp#27;[0m fulfilment_SEQ &amp#27;[34mstart&amp#27;[0m &amp#27;[34mwith&amp#27;[0m 1 &amp#27;[34mincrement&amp#27;[0m &amp#27;[34mby&amp#27;[0m 50
&amp#27;[35m[Hibernate]&amp#27;[0m 
    &amp#27;[34mcreate&amp#27;[0m &amp#27;[34msequence&amp#27;[0m Product_SEQ &amp#27;[34mstart&amp#27;[0m &amp#27;[34mwith&amp#27;[0m 1 &amp#27;[34mincrement&amp#27;[0m &amp#27;[34mby&amp#27;[0m 50
&amp#27;[35m[Hibernate]&amp#27;[0m 
    &amp#27;[34mcreate&amp#27;[0m &amp#27;[34msequence&amp#27;[0m Store_SEQ &amp#27;[34mstart&amp#27;[0m &amp#27;[34mwith&amp#27;[0m 1 &amp#27;[34mincrement&amp#27;[0m &amp#27;[34mby&amp#27;[0m 50
&amp#27;[35m[Hibernate]&amp#27;[0m 
    &amp#27;[34mcreate&amp#27;[0m &amp#27;[34msequence&amp#27;[0m warehouse_SEQ &amp#27;[34mstart&amp#27;[0m &amp#27;[34mwith&amp#27;[0m 1 &amp#27;[34mincrement&amp#27;[0m &amp#27;[34mby&amp#27;[0m 50
&amp#27;[35m[Hibernate]&amp#27;[0m 
    &amp#27;[34mcreate&amp#27;[0m &amp#27;[34mtable&amp#27;[0m fulfilment (
        id &amp#27;[34mbigint&amp#27;[0m &amp#27;[34mnot&amp#27;[0m &amp#27;[34mnull&amp#27;[0m,
        productId &amp#27;[34mbigint&amp#27;[0m,
        storeId &amp#27;[34mbigint&amp#27;[0m,
        warehouseId &amp#27;[34mbigint&amp#27;[0m,
        &amp#27;[34mprimary&amp#27;[0m &amp#27;[34mkey&amp#27;[0m (id)
    )
&amp#27;[35m[Hibernate]&amp#27;[0m 
    &amp#27;[34mcreate&amp#27;[0m &amp#27;[34mtable&amp#27;[0m Product (
        price &amp#27;[34mnumeric&amp#27;[0m(10,2),
        stock &amp#27;[34minteger&amp#27;[0m &amp#27;[34mnot&amp#27;[0m &amp#27;[34mnull&amp#27;[0m,
        id &amp#27;[34mbigint&amp#27;[0m &amp#27;[34mnot&amp#27;[0m &amp#27;[34mnull&amp#27;[0m,
        name &amp#27;[34mvarchar&amp#27;[0m(40) &amp#27;[34munique&amp#27;[0m,
        description &amp#27;[34mvarchar&amp#27;[0m(255),
        &amp#27;[34mprimary&amp#27;[0m &amp#27;[34mkey&amp#27;[0m (id)
    )
&amp#27;[35m[Hibernate]&amp#27;[0m 
    &amp#27;[34mcreate&amp#27;[0m &amp#27;[34mtable&amp#27;[0m Store (
        quantityProductsInStock &amp#27;[34minteger&amp#27;[0m &amp#27;[34mnot&amp#27;[0m &amp#27;[34mnull&amp#27;[0m,
        id &amp#27;[34mbigint&amp#27;[0m &amp#27;[34mnot&amp#27;[0m &amp#27;[34mnull&amp#27;[0m,
        name &amp#27;[34mvarchar&amp#27;[0m(40) &amp#27;[34munique&amp#27;[0m,
        &amp#27;[34mprimary&amp#27;[0m &amp#27;[34mkey&amp#27;[0m (id)
    )
&amp#27;[35m[Hibernate]&amp#27;[0m 
    &amp#27;[34mcreate&amp#27;[0m &amp#27;[34mtable&amp#27;[0m warehouse (
        capacity &amp#27;[34minteger&amp#27;[0m,
        stock &amp#27;[34minteger&amp#27;[0m,
        archivedAt &amp#27;[34mtimestamp&amp#27;[0m(6),
        createdAt &amp#27;[34mtimestamp&amp#27;[0m(6),
        id &amp#27;[34mbigint&amp#27;[0m &amp#27;[34mnot&amp#27;[0m &amp#27;[34mnull&amp#27;[0m,
        businessUnitCode &amp#27;[34mvarchar&amp#27;[0m(255),
        location &amp#27;[34mvarchar&amp#27;[0m(255),
        &amp#27;[34mprimary&amp#27;[0m &amp#27;[34mkey&amp#27;[0m (id)
    )
&amp#27;[35m[Hibernate]&amp#27;[0m &amp#27;[34mINSERT&amp#27;[0m &amp#27;[34mINTO&amp#27;[0m store(id, name, quantityProductsInStock) &amp#27;[34mVALUES&amp#27;[0m (1, &amp#27;[36m'TONSTAD'&amp#27;[0m, 10)
&amp#27;[35m[Hibernate]&amp#27;[0m &amp#27;[34mINSERT&amp#27;[0m &amp#27;[34mINTO&amp#27;[0m store(id, name, quantityProductsInStock) &amp#27;[34mVALUES&amp#27;[0m (2, &amp#27;[36m'KALLAX'&amp#27;[0m, 5)
&amp#27;[35m[Hibernate]&amp#27;[0m &amp#27;[34mINSERT&amp#27;[0m &amp#27;[34mINTO&amp#27;[0m store(id, name, quantityProductsInStock) &amp#27;[34mVALUES&amp#27;[0m (3, &amp#27;[36m'BESTÅ'&amp#27;[0m, 3)
&amp#27;[35m[Hibernate]&amp#27;[0m &amp#27;[34mALTER&amp#27;[0m &amp#27;[34mSEQUENCE&amp#27;[0m store_seq RESTART &amp#27;[34mWITH&amp#27;[0m 4
&amp#27;[35m[Hibernate]&amp#27;[0m &amp#27;[34mINSERT&amp#27;[0m &amp#27;[34mINTO&amp#27;[0m product(id, name, description, price, stock) &amp#27;[34mVALUES&amp#27;[0m (1, &amp#27;[36m'TONSTAD'&amp#27;[0m, &amp#27;[36m'Seed product TONSTAD'&amp#27;[0m, 199.00, 10)
&amp#27;[35m[Hibernate]&amp#27;[0m &amp#27;[34mINSERT&amp#27;[0m &amp#27;[34mINTO&amp#27;[0m product(id, name, description, price, stock) &amp#27;[34mVALUES&amp#27;[0m (2, &amp#27;[36m'KALLAX'&amp#27;[0m, &amp#27;[36m'Seed product KALLAX'&amp#27;[0m, 89.00, 5)
&amp#27;[35m[Hibernate]&amp#27;[0m &amp#27;[34mINSERT&amp#27;[0m &amp#27;[34mINTO&amp#27;[0m product(id, name, description, price, stock) &amp#27;[34mVALUES&amp#27;[0m (3, &amp#27;[36m'BESTÅ'&amp#27;[0m, &amp#27;[36m'Seed product BESTÅ'&amp#27;[0m, 149.00, 3)
&amp#27;[35m[Hibernate]&amp#27;[0m &amp#27;[34mALTER&amp#27;[0m &amp#27;[34mSEQUENCE&amp#27;[0m product_seq RESTART &amp#27;[34mWITH&amp#27;[0m 4
&amp#27;[35m[Hibernate]&amp#27;[0m &amp#27;[34mINSERT&amp#27;[0m &amp#27;[34mINTO&amp#27;[0m warehouse(id, businessUnitCode, location, capacity, stock, createdAt, archivedAt)  &amp#27;[34mVALUES&amp#27;[0m (1, &amp#27;[36m'MWH.001'&amp#27;[0m, &amp#27;[36m'ZWOLLE-001'&amp#27;[0m, 100, 10, &amp#27;[36m'2024-07-01'&amp#27;[0m, &amp#27;[34mnull&amp#27;[0m)
&amp#27;[35m[Hibernate]&amp#27;[0m &amp#27;[34mINSERT&amp#27;[0m &amp#27;[34mINTO&amp#27;[0m warehouse(id, businessUnitCode, location, capacity, stock, createdAt, archivedAt) &amp#27;[34mVALUES&amp#27;[0m (2, &amp#27;[36m'MWH.012'&amp#27;[0m, &amp#27;[36m'AMSTERDAM-001'&amp#27;[0m, 50, 5, &amp#27;[36m'2023-07-01'&amp#27;[0m, &amp#27;[34mnull&amp#27;[0m)
&amp#27;[35m[Hibernate]&amp#27;[0m &amp#27;[34mINSERT&amp#27;[0m &amp#27;[34mINTO&amp#27;[0m warehouse(id, businessUnitCode, location, capacity, stock, createdAt, archivedAt) &amp#27;[34mVALUES&amp#27;[0m (3, &amp#27;[36m'MWH.023'&amp#27;[0m, &amp#27;[36m'TILBURG-001'&amp#27;[0m, 30, 27, &amp#27;[36m'2021-02-01'&amp#27;[0m, &amp#27;[34mnull&amp#27;[0m)
&amp#27;[35m[Hibernate]&amp#27;[0m &amp#27;[34mALTER&amp#27;[0m &amp#27;[34mSEQUENCE&amp#27;[0m warehouse_seq RESTART &amp#27;[34mWITH&amp#27;[0m 4
2026-09-06 19:37:32,645 INFO  [io.quarkus] (main) java-code-assignment 1.0.0-SNAPSHOT on JVM (powered by Quarkus 3.13.3) started in 16.603s. Listening on: http://localhost:64286
2026-09-06 19:37:32,647 INFO  [io.quarkus] (main) Profile test activated. 
2026-09-06 19:37:32,648 INFO  [io.quarkus] (main) Installed features: [agroal, cdi, hibernate-orm, hibernate-orm-panache, jdbc-postgresql, narayana-jta, rest, rest-jackson, smallrye-context-propagation, vertx]
&amp#27;[35m[Hibernate]&amp#27;[0m 
    &amp#27;[34mselect&amp#27;[0m
        p1_0.id,
        p1_0.description,
        p1_0.name,
        p1_0.price,
        p1_0.stock 
    &amp#27;[34mfrom&amp#27;[0m
        Product p1_0 
    &amp#27;[34morder&amp#27;[0m &amp#27;[34mby&amp#27;[0m
        p1_0.name
&amp#27;[35m[Hibernate]&amp#27;[0m 
    &amp#27;[34mselect&amp#27;[0m
        s1_0.id,
        s1_0.name,
        s1_0.quantityProductsInStock 
    &amp#27;[34mfrom&amp#27;[0m
        Store s1_0 
    &amp#27;[34mwhere&amp#27;[0m
        s1_0.id=?
&amp#27;[35m[Hibernate]&amp#27;[0m 
    &amp#27;[34mselect&amp#27;[0m
        dw1_0.id,
        dw1_0.archivedAt,
        dw1_0.businessUnitCode,
        dw1_0.capacity,
        dw1_0.createdAt,
        dw1_0.location,
        dw1_0.stock 
    &amp#27;[34mfrom&amp#27;[0m
        warehouse dw1_0 
    &amp#27;[34mwhere&amp#27;[0m
        dw1_0.id=?
&amp#27;[35m[Hibernate]&amp#27;[0m 
    &amp#27;[34mselect&amp#27;[0m
        f1_0.id,
        f1_0.productId,
        f1_0.storeId,
        f1_0.warehouseId 
    &amp#27;[34mfrom&amp#27;[0m
        fulfilment f1_0 
    &amp#27;[34mwhere&amp#27;[0m
        f1_0.productId=? 
        &amp#27;[34mand&amp#27;[0m f1_0.storeId=? 
        &amp#27;[34mand&amp#27;[0m f1_0.warehouseId=? 
    &amp#27;[34mfetch&amp#27;[0m
        first ? &amp#27;[34mrows&amp#27;[0m &amp#27;[34monly&amp#27;[0m
&amp#27;[35m[Hibernate]&amp#27;[0m 
    &amp#27;[34mselect&amp#27;[0m
        f1_0.id,
        f1_0.productId,
        f1_0.storeId,
        f1_0.warehouseId 
    &amp#27;[34mfrom&amp#27;[0m
        fulfilment f1_0 
    &amp#27;[34mwhere&amp#27;[0m
        f1_0.productId=? 
        &amp#27;[34mand&amp#27;[0m f1_0.storeId=?
&amp#27;[35m[Hibernate]&amp#27;[0m 
    &amp#27;[34mselect&amp#27;[0m
        f1_0.id,
        f1_0.productId,
        f1_0.storeId,
        f1_0.warehouseId 
    &amp#27;[34mfrom&amp#27;[0m
        fulfilment f1_0 
    &amp#27;[34mwhere&amp#27;[0m
        f1_0.storeId=?
&amp#27;[35m[Hibernate]&amp#27;[0m 
    &amp#27;[34mselect&amp#27;[0m
        f1_0.id,
        f1_0.productId,
        f1_0.storeId,
        f1_0.warehouseId 
    &amp#27;[34mfrom&amp#27;[0m
        fulfilment f1_0 
    &amp#27;[34mwhere&amp#27;[0m
        f1_0.warehouseId=?
&amp#27;[35m[Hibernate]&amp#27;[0m 
    &amp#27;[34mselect&amp#27;[0m
        nextval(&amp#27;[36m'fulfilment_SEQ'&amp#27;[0m)
&amp#27;[35m[Hibernate]&amp#27;[0m 
    &amp#27;[34minsert&amp#27;[0m 
    &amp#27;[34minto&amp#27;[0m
        fulfilment
        (productId, storeId, warehouseId, id) 
    &amp#27;[34mvalues&amp#27;[0m
        (?, ?, ?, ?)
&amp#27;[35m[Hibernate]&amp#27;[0m 
    &amp#27;[34mselect&amp#27;[0m
        dw1_0.id,
        dw1_0.archivedAt,
        dw1_0.businessUnitCode,
        dw1_0.capacity,
        dw1_0.createdAt,
        dw1_0.location,
        dw1_0.stock 
    &amp#27;[34mfrom&amp#27;[0m
        warehouse dw1_0 
    &amp#27;[34mwhere&amp#27;[0m
        dw1_0.id=?
&amp#27;[35m[Hibernate]&amp#27;[0m 
    &amp#27;[34mselect&amp#27;[0m
        f1_0.id,
        f1_0.productId,
        f1_0.storeId,
        f1_0.warehouseId 
    &amp#27;[34mfrom&amp#27;[0m
        fulfilment f1_0 
    &amp#27;[34mwhere&amp#27;[0m
        f1_0.productId=? 
        &amp#27;[34mand&amp#27;[0m f1_0.storeId=? 
        &amp#27;[34mand&amp#27;[0m f1_0.warehouseId=? 
    &amp#27;[34mfetch&amp#27;[0m
        first ? &amp#27;[34mrows&amp#27;[0m &amp#27;[34monly&amp#27;[0m
&amp#27;[35m[Hibernate]&amp#27;[0m 
    &amp#27;[34mselect&amp#27;[0m
        f1_0.id,
        f1_0.productId,
        f1_0.storeId,
        f1_0.warehouseId 
    &amp#27;[34mfrom&amp#27;[0m
        fulfilment f1_0 
    &amp#27;[34mwhere&amp#27;[0m
        f1_0.productId=? 
        &amp#27;[34mand&amp#27;[0m f1_0.storeId=?
&amp#27;[35m[Hibernate]&amp#27;[0m 
    &amp#27;[34mselect&amp#27;[0m
        f1_0.id,
        f1_0.productId,
        f1_0.storeId,
        f1_0.warehouseId 
    &amp#27;[34mfrom&amp#27;[0m
        fulfilment f1_0 
    &amp#27;[34mwhere&amp#27;[0m
        f1_0.storeId=?
&amp#27;[35m[Hibernate]&amp#27;[0m 
    &amp#27;[34mselect&amp#27;[0m
        f1_0.id,
        f1_0.productId,
        f1_0.storeId,
        f1_0.warehouseId 
    &amp#27;[34mfrom&amp#27;[0m
        fulfilment f1_0 
    &amp#27;[34mwhere&amp#27;[0m
        f1_0.warehouseId=?
&amp#27;[35m[Hibernate]&amp#27;[0m 
    &amp#27;[34minsert&amp#27;[0m 
    &amp#27;[34minto&amp#27;[0m
        fulfilment
        (productId, storeId, warehouseId, id) 
    &amp#27;[34mvalues&amp#27;[0m
        (?, ?, ?, ?)
&amp#27;[35m[Hibernate]&amp#27;[0m 
    &amp#27;[34mselect&amp#27;[0m
        dw1_0.id,
        dw1_0.archivedAt,
        dw1_0.businessUnitCode,
        dw1_0.capacity,
        dw1_0.createdAt,
        dw1_0.location,
        dw1_0.stock 
    &amp#27;[34mfrom&amp#27;[0m
        warehouse dw1_0 
    &amp#27;[34mwhere&amp#27;[0m
        dw1_0.id=?
&amp#27;[35m[Hibernate]&amp#27;[0m 
    &amp#27;[34mselect&amp#27;[0m
        f1_0.id,
        f1_0.productId,
        f1_0.storeId,
        f1_0.warehouseId 
    &amp#27;[34mfrom&amp#27;[0m
        fulfilment f1_0 
    &amp#27;[34mwhere&amp#27;[0m
        f1_0.productId=? 
        &amp#27;[34mand&amp#27;[0m f1_0.storeId=? 
        &amp#27;[34mand&amp#27;[0m f1_0.warehouseId=? 
    &amp#27;[34mfetch&amp#27;[0m
        first ? &amp#27;[34mrows&amp#27;[0m &amp#27;[34monly&amp#27;[0m
&amp#27;[35m[Hibernate]&amp#27;[0m 
    &amp#27;[34mselect&amp#27;[0m
        f1_0.id,
        f1_0.productId,
        f1_0.storeId,
        f1_0.warehouseId 
    &amp#27;[34mfrom&amp#27;[0m
        fulfilment f1_0 
    &amp#27;[34mwhere&amp#27;[0m
        f1_0.productId=? 
        &amp#27;[34mand&amp#27;[0m f1_0.storeId=?
]]></system-out>
  </testcase>
</testsuite>